\BOOKMARK [1][-]{section.1}{Wprowadzenie}{}% 1
\BOOKMARK [2][-]{subsection.1.1}{O Linuxie, czyli historia dla zainteresowanych}{section.1}% 2
\BOOKMARK [2][-]{subsection.1.2}{Co to terminal?}{section.1}% 3
\BOOKMARK [2][-]{subsection.1.3}{Co to komendy i polecenia?}{section.1}% 4
\BOOKMARK [2][-]{subsection.1.4}{Uruchamianie terminala}{section.1}% 5
\BOOKMARK [1][-]{section.2}{Katalogi - czyli \233azenie po swiecie}{}% 6
\BOOKMARK [2][-]{subsection.2.1}{Domek czyli /home sweet /home}{section.2}% 7
\BOOKMARK [2][-]{subsection.2.2}{Gdzie jestem? - pwd}{section.2}% 8
\BOOKMARK [3][-]{subsubsection.2.2.1}{Przyk\233ady}{subsection.2.2}% 9
\BOOKMARK [2][-]{subsection.2.3}{Co jest w moim katalogu? - ls i inne fafarstki}{section.2}% 10
\BOOKMARK [3][-]{subsubsection.2.3.1}{Niewidoczne rzeczy w katalogach}{subsection.2.3}% 11
\BOOKMARK [3][-]{subsubsection.2.3.2}{Opcje}{subsection.2.3}% 12
\BOOKMARK [3][-]{subsubsection.2.3.3}{Przyk\233ady}{subsection.2.3}% 13
\BOOKMARK [2][-]{subsection.2.4}{Zmiana katalogu - cd}{section.2}% 14
\BOOKMARK [3][-]{subsubsection.2.4.1}{Przyk\233ady}{subsection.2.4}% 15
\BOOKMARK [2][-]{subsection.2.5}{Tworzenie katalog\363w - \040mkdir }{section.2}% 16
\BOOKMARK [1][-]{section.3}{Pliki - czyli wszystko co powiedzia\233em wczesniej by\233o k\233amstwem}{}% 17
\BOOKMARK [2][-]{subsection.3.1}{Kopiowanie plik\363w - \040cp }{section.3}% 18
\BOOKMARK [2][-]{subsection.3.2}{Przenoszenie i zmiana nazwy - \040mv }{section.3}% 19
\BOOKMARK [2][-]{subsection.3.3}{Tworzenie nowych plik\363w i zmiana dat - \040touch }{section.3}% 20
\BOOKMARK [2][-]{subsection.3.4}{Usuwanie plik\363w - \040rm }{section.3}% 21
\BOOKMARK [2][-]{subsection.3.5}{Wypisywanie i \233aczenie tresci plik\363w - \040cat }{section.3}% 22
\BOOKMARK [2][-]{subsection.3.6}{Czytanie pliku jak dokumentu - \040less }{section.3}% 23
\BOOKMARK [2][-]{subsection.3.7}{Szukanie plik\363w - \040find }{section.3}% 24
\BOOKMARK [2][-]{subsection.3.8}{'Skr\363ty' i dowiazania - \040ln }{section.3}% 25
\BOOKMARK [1][-]{section.4}{Arytmetyka rzeczy - czyli potoki i rury}{}% 26
